0 info it worked if it ends with ok
1 verbose cli [ '/usr/local/bin/node', '/usr/local/bin/npm', 'publish' ]
2 info using npm@3.10.10
3 info using node@v6.9.4
4 verbose publish [ '.' ]
5 silly cache add args [ '.', null ]
6 verbose cache add spec .
7 silly cache add parsed spec Result {
7 silly cache add   raw: '.',
7 silly cache add   scope: null,
7 silly cache add   escapedName: null,
7 silly cache add   name: null,
7 silly cache add   rawSpec: '.',
7 silly cache add   spec: '/Users/cuiyunfeng/workspace/hack-excel-sheet',
7 silly cache add   type: 'directory' }
8 verbose addLocalDirectory /Users/cuiyunfeng/.npm/hack-excel-sheet/0.1.0/package.tgz not in flight; packing
9 verbose correctMkdir /Users/cuiyunfeng/.npm correctMkdir not in flight; initializing
10 info lifecycle hack-excel-sheet@0.1.0~prepublish: hack-excel-sheet@0.1.0
11 silly lifecycle hack-excel-sheet@0.1.0~prepublish: no script for prepublish, continuing
12 verbose tar pack [ '/Users/cuiyunfeng/.npm/hack-excel-sheet/0.1.0/package.tgz',
12 verbose tar pack   '/Users/cuiyunfeng/workspace/hack-excel-sheet' ]
13 verbose tarball /Users/cuiyunfeng/.npm/hack-excel-sheet/0.1.0/package.tgz
14 verbose folder /Users/cuiyunfeng/workspace/hack-excel-sheet
15 verbose addLocalTarball adding from inside cache /Users/cuiyunfeng/.npm/hack-excel-sheet/0.1.0/package.tgz
16 verbose correctMkdir /Users/cuiyunfeng/.npm correctMkdir not in flight; initializing
17 silly cache afterAdd hack-excel-sheet@0.1.0
18 verbose afterAdd /Users/cuiyunfeng/.npm/hack-excel-sheet/0.1.0/package/package.json not in flight; writing
19 verbose correctMkdir /Users/cuiyunfeng/.npm correctMkdir not in flight; initializing
20 verbose afterAdd /Users/cuiyunfeng/.npm/hack-excel-sheet/0.1.0/package/package.json written
21 silly publish { name: 'hack-excel-sheet',
21 silly publish   version: '0.1.0',
21 silly publish   description: 'This is a tool used to solve Excel sheet write protection',
21 silly publish   main: 'index.js',
21 silly publish   scripts: { test: 'echo "Error: no test specified" && exit 1' },
21 silly publish   repository:
21 silly publish    { type: 'git',
21 silly publish      url: 'git+https://github.com/cuihovah/hack-excel-sheet.git' },
21 silly publish   keywords: [ 'hacker', 'write protect', 'excel sheet' ],
21 silly publish   author: '',
21 silly publish   license: 'ISC',
21 silly publish   bugs: { url: 'https://github.com/cuihovah/hack-excel-sheet/issues' },
21 silly publish   homepage: 'https://github.com/cuihovah/hack-excel-sheet#readme',
21 silly publish   dependencies:
21 silly publish    { chalk: '^2.1.0',
21 silly publish      commander: '^2.11.0',
21 silly publish      decompress: '^4.2.0',
21 silly publish      'decompress-unzip': '^4.0.1',
21 silly publish      rimraf: '^2.6.1',
21 silly publish      thenjs: '^2.0.6',
21 silly publish      'zip-dir': '^1.0.2' },
21 silly publish   readme: '# hack-excel-sheet\nThis is a tool used to solve Excel sheet write protection\n\n## Installation\n\n```sh\nnpm install -g hack-excel-sheet\n```\n\n## Usage\n\n```sh\nnode sheet.js srcExcelFile destExcelFile\n```\n\n## Principle\n\nFirst introduced, EXCEL and XLSX and DOCX the same text. Are using the compressed archive tool to package the directory as a compressed package, and then replace the file extension. As shown above, the XLSX file extracts the directory structure from the ZIP file. And XLSX core data in the XL / worksheet / sheet1.xml.\n\nThe sheet.xml is described in the openxml markup language. You can open it directly through a modern browser can see the Format after the xml file. Sheet.xml contents. The file is opened with a browser, it is easy to find the label locked sheet.\n\n```flow\nst=>start: unzip xlsx file\ne=>end: zip dir to xlsx\ne1=>operation: Traversal xlsx/xl/worksheets\ne2=>operation: replace tag sheetProtection\n\nst(right)->e1\ne1(right)->e2\ne2(right)->e\n```\n\n## License\n[MIT](http://opensource.org/licenses/MIT)\n\n',
21 silly publish   readmeFilename: 'README.md',
21 silly publish   gitHead: 'fc2a2e11ff929e29b704f2066dc30366dc8e4909',
21 silly publish   _id: 'hack-excel-sheet@0.1.0',
21 silly publish   _shasum: '4e852679807e0dffb3173506e3cdc25a439ff0af',
21 silly publish   _from: '.' }
22 verbose getPublishConfig undefined
23 silly mapToRegistry name hack-excel-sheet
24 silly mapToRegistry using default registry
25 silly mapToRegistry registry https://registry.npmjs.org/
26 silly mapToRegistry data Result {
26 silly mapToRegistry   raw: 'hack-excel-sheet',
26 silly mapToRegistry   scope: null,
26 silly mapToRegistry   escapedName: 'hack-excel-sheet',
26 silly mapToRegistry   name: 'hack-excel-sheet',
26 silly mapToRegistry   rawSpec: '',
26 silly mapToRegistry   spec: 'latest',
26 silly mapToRegistry   type: 'tag' }
27 silly mapToRegistry uri https://registry.npmjs.org/hack-excel-sheet
28 verbose publish registryBase https://registry.npmjs.org/
29 silly publish uploading /Users/cuiyunfeng/.npm/hack-excel-sheet/0.1.0/package.tgz
30 verbose request uri https://registry.npmjs.org/hack-excel-sheet
31 verbose request sending authorization for write operation
32 info attempt registry request try #1 at 13:21:04
33 verbose request using bearer token for auth
34 verbose request id 7ad83fbb4fbbeb24
35 http request PUT https://registry.npmjs.org/hack-excel-sheet
36 http 403 https://registry.npmjs.org/hack-excel-sheet
37 verbose headers { 'content-type': 'application/json',
37 verbose headers   'cache-control': 'max-age=300',
37 verbose headers   'content-length': '104',
37 verbose headers   'accept-ranges': 'bytes',
37 verbose headers   date: 'Tue, 29 Aug 2017 05:21:11 GMT',
37 verbose headers   via: '1.1 varnish',
37 verbose headers   connection: 'keep-alive',
37 verbose headers   'x-served-by': 'cache-nrt6128-NRT',
37 verbose headers   'x-cache': 'MISS',
37 verbose headers   'x-cache-hits': '0',
37 verbose headers   'x-timer': 'S1503984070.376809,VS0,VE686',
37 verbose headers   vary: 'Accept-Encoding, Accept' }
38 verbose request invalidating /Users/cuiyunfeng/.npm/registry.npmjs.org/hack-excel-sheet on PUT
39 error publish Failed PUT 403
40 verbose stack Error: you must verify your email before publishing a new package: https://www.npmjs.com/email-edit : hack-excel-sheet
40 verbose stack     at makeError (/usr/local/lib/node_modules/npm/node_modules/npm-registry-client/lib/request.js:302:12)
40 verbose stack     at CachingRegistryClient.<anonymous> (/usr/local/lib/node_modules/npm/node_modules/npm-registry-client/lib/request.js:290:14)
40 verbose stack     at Request._callback (/usr/local/lib/node_modules/npm/node_modules/npm-registry-client/lib/request.js:210:14)
40 verbose stack     at Request.self.callback (/usr/local/lib/node_modules/npm/node_modules/request/request.js:187:22)
40 verbose stack     at emitTwo (events.js:106:13)
40 verbose stack     at Request.emit (events.js:191:7)
40 verbose stack     at Request.<anonymous> (/usr/local/lib/node_modules/npm/node_modules/request/request.js:1048:10)
40 verbose stack     at emitOne (events.js:96:13)
40 verbose stack     at Request.emit (events.js:188:7)
40 verbose stack     at IncomingMessage.<anonymous> (/usr/local/lib/node_modules/npm/node_modules/request/request.js:969:12)
41 verbose statusCode 403
42 verbose pkgid hack-excel-sheet
43 verbose cwd /Users/cuiyunfeng/workspace/hack-excel-sheet
44 error Darwin 15.4.0
45 error argv "/usr/local/bin/node" "/usr/local/bin/npm" "publish"
46 error node v6.9.4
47 error npm  v3.10.10
48 error code E403
49 error you must verify your email before publishing a new package: https://www.npmjs.com/email-edit : hack-excel-sheet
50 error If you need help, you may report this error at:
50 error     <https://github.com/npm/npm/issues>
51 verbose exit [ 1, true ]
